0 info it worked if it ends with ok
1 verbose cli [ '/Users/chris/.nvm/versions/node/v7.6.0/bin/node',
1 verbose cli   '/Users/chris/.nvm/versions/node/v7.6.0/bin/npm',
1 verbose cli   'version',
1 verbose cli   '1.0.1' ]
2 info using npm@4.1.2
3 info using node@v7.6.0
4 info git [ 'status', '--porcelain' ]
5 verbose stack Error: Git working directory not clean.
5 verbose stack M coverage/clover.xml
5 verbose stack M coverage/lcov-report/api/ResponseInterceptor/index.html
5 verbose stack M coverage/lcov-report/api/ResponseInterceptor/index.js.html
5 verbose stack M coverage/lcov-report/api/index.html
5 verbose stack M coverage/lcov-report/api/index.js.html
5 verbose stack M coverage/lcov-report/api/movies.js.html
5 verbose stack M coverage/lcov-report/config/config.js.html
5 verbose stack M coverage/lcov-report/config/index.html
5 verbose stack M coverage/lcov-report/config/mongo.js.html
5 verbose stack M coverage/lcov-report/config/ssl/index.html
5 verbose stack M coverage/lcov-report/config/ssl/index.js.html
5 verbose stack M coverage/lcov-report/index.html
5 verbose stack M coverage/lcov-report/repository/AppError/index.html
5 verbose stack M coverage/lcov-report/repository/AppError/index.js.html
5 verbose stack M coverage/lcov-report/repository/ObjectID/index.html
5 verbose stack M coverage/lcov-report/repository/ObjectID/index.js.html
5 verbose stack M coverage/lcov-report/repository/index.html
5 verbose stack M coverage/lcov-report/repository/index.js.html
5 verbose stack M coverage/lcov-report/repository/movies.js.html
5 verbose stack M coverage/lcov-report/server/index.html
5 verbose stack M coverage/lcov-report/server/server.js.html
5 verbose stack     at /Users/chris/.nvm/versions/node/v7.6.0/lib/node_modules/npm/lib/version.js:247:19
5 verbose stack     at /Users/chris/.nvm/versions/node/v7.6.0/lib/node_modules/npm/lib/utils/no-progress-while-running.js:21:8
5 verbose stack     at ChildProcess.exithandler (child_process.js:202:7)
5 verbose stack     at emitTwo (events.js:106:13)
5 verbose stack     at ChildProcess.emit (events.js:192:7)
5 verbose stack     at maybeClose (internal/child_process.js:890:16)
5 verbose stack     at Socket.<anonymous> (internal/child_process.js:334:11)
5 verbose stack     at emitOne (events.js:96:13)
5 verbose stack     at Socket.emit (events.js:189:7)
5 verbose stack     at Pipe._handle.close [as _onclose] (net.js:501:12)
6 verbose cwd /Users/chris/projects/stuff/apilab
7 error Darwin 16.5.0
8 error argv "/Users/chris/.nvm/versions/node/v7.6.0/bin/node" "/Users/chris/.nvm/versions/node/v7.6.0/bin/npm" "version" "1.0.1"
9 error node v7.6.0
10 error npm  v4.1.2
11 error Git working directory not clean.
11 error M coverage/clover.xml
11 error M coverage/lcov-report/api/ResponseInterceptor/index.html
11 error M coverage/lcov-report/api/ResponseInterceptor/index.js.html
11 error M coverage/lcov-report/api/index.html
11 error M coverage/lcov-report/api/index.js.html
11 error M coverage/lcov-report/api/movies.js.html
11 error M coverage/lcov-report/config/config.js.html
11 error M coverage/lcov-report/config/index.html
11 error M coverage/lcov-report/config/mongo.js.html
11 error M coverage/lcov-report/config/ssl/index.html
11 error M coverage/lcov-report/config/ssl/index.js.html
11 error M coverage/lcov-report/index.html
11 error M coverage/lcov-report/repository/AppError/index.html
11 error M coverage/lcov-report/repository/AppError/index.js.html
11 error M coverage/lcov-report/repository/ObjectID/index.html
11 error M coverage/lcov-report/repository/ObjectID/index.js.html
11 error M coverage/lcov-report/repository/index.html
11 error M coverage/lcov-report/repository/index.js.html
11 error M coverage/lcov-report/repository/movies.js.html
11 error M coverage/lcov-report/server/index.html
11 error M coverage/lcov-report/server/server.js.html
12 error If you need help, you may report this error at:
12 error     <https://github.com/npm/npm/issues>
13 verbose exit [ 1, true ]
